{"ts": "2026-06-15T00:59:09.986476+00:00", "tag": "gateway.start", "pid": 41849, "python": "3.11.15", "platform": "linux", "replace": false, "argv": [".venv/bin/hermes", "gateway", "run", "-v"], "stdin_is_tty": false, "absorb_windows_console_controls": false}
{"ts": "2026-06-15T01:00:06.500468+00:00", "tag": "asyncio.run.returned", "pid": 41849, "python": "3.11.15", "platform": "linux", "success": false}
{"ts": "2026-06-15T01:00:06.500540+00:00", "tag": "gateway.exit_nonzero", "pid": 41849, "python": "3.11.15", "platform": "linux"}
{"ts": "2026-06-15T01:00:06.501191+00:00", "tag": "atexit.hook", "pid": 41849, "python": "3.11.15", "platform": "linux", "sys_exc": "(None, None, None)"}
{"ts": "2026-06-15T01:07:44.064156+00:00", "tag": "gateway.start", "pid": 46533, "python": "3.11.15", "platform": "linux", "replace": false, "argv": [".venv/bin/hermes", "gateway", "run"], "stdin_is_tty": false, "absorb_windows_console_controls": false}
{"ts": "2026-06-15T01:09:43.468010+00:00", "tag": "asyncio.run.returned", "pid": 46533, "python": "3.11.15", "platform": "linux", "success": false}
{"ts": "2026-06-15T01:09:43.468076+00:00", "tag": "gateway.exit_nonzero", "pid": 46533, "python": "3.11.15", "platform": "linux"}
{"ts": "2026-06-15T01:09:43.468839+00:00", "tag": "atexit.hook", "pid": 46533, "python": "3.11.15", "platform": "linux", "sys_exc": "(None, None, None)"}
{"ts": "2026-06-15T01:09:57.115188+00:00", "tag": "gateway.start", "pid": 49177, "python": "3.11.15", "platform": "linux", "replace": false, "argv": [".venv/bin/hermes", "gateway", "run"], "stdin_is_tty": false, "absorb_windows_console_controls": false}
{"ts": "2026-06-15T01:10:22.629789+00:00", "tag": "asyncio.run.returned", "pid": 49177, "python": "3.11.15", "platform": "linux", "success": false}
{"ts": "2026-06-15T01:10:22.629859+00:00", "tag": "gateway.exit_nonzero", "pid": 49177, "python": "3.11.15", "platform": "linux"}
{"ts": "2026-06-15T01:10:22.630623+00:00", "tag": "atexit.hook", "pid": 49177, "python": "3.11.15", "platform": "linux", "sys_exc": "(None, None, None)"}
{"ts": "2026-06-15T01:21:26.631365+00:00", "tag": "gateway.start", "pid": 58261, "python": "3.11.15", "platform": "linux", "replace": false, "argv": ["/home/swegon/AI_Agent/AI_Autonomous_Project/Aio_harness/hermes-agent/.venv/bin/hermes", "gateway", "run"], "stdin_is_tty": false, "absorb_windows_console_controls": false}
{"ts": "2026-06-15T01:22:39.621391+00:00", "tag": "asyncio.run.returned", "pid": 58261, "python": "3.11.15", "platform": "linux", "success": false}
{"ts": "2026-06-15T01:22:39.621461+00:00", "tag": "gateway.exit_nonzero", "pid": 58261, "python": "3.11.15", "platform": "linux"}
{"ts": "2026-06-15T01:22:39.622311+00:00", "tag": "atexit.hook", "pid": 58261, "python": "3.11.15", "platform": "linux", "sys_exc": "(None, None, None)"}
{"ts": "2026-06-15T01:22:58.793695+00:00", "tag": "gateway.start", "pid": 60466, "python": "3.11.15", "platform": "linux", "replace": false, "argv": ["/home/swegon/AI_Agent/AI_Autonomous_Project/Aio_harness/hermes-agent/.venv/bin/hermes", "gateway", "run"], "stdin_is_tty": false, "absorb_windows_console_controls": false}
{"ts": "2026-06-15T02:03:02.187797+00:00", "tag": "gateway.start", "pid": 71127, "python": "3.11.15", "platform": "linux", "replace": false, "argv": ["hermes-agent/.venv/bin/hermes", "gateway", "run"], "stdin_is_tty": false, "absorb_windows_console_controls": false}
{"ts": "2026-06-15T02:03:02.207938+00:00", "tag": "asyncio.run.returned", "pid": 71127, "python": "3.11.15", "platform": "linux", "success": false}
{"ts": "2026-06-15T02:03:02.207993+00:00", "tag": "gateway.exit_nonzero", "pid": 71127, "python": "3.11.15", "platform": "linux"}
{"ts": "2026-06-15T02:03:02.208062+00:00", "tag": "atexit.hook", "pid": 71127, "python": "3.11.15", "platform": "linux", "sys_exc": "(None, None, None)"}
{"ts": "2026-06-15T02:03:13.911162+00:00", "tag": "gateway.start", "pid": 71619, "python": "3.11.15", "platform": "linux", "replace": true, "argv": ["hermes-agent/.venv/bin/hermes", "gateway", "run", "--replace"], "stdin_is_tty": false, "absorb_windows_console_controls": false}
{"ts": "2026-06-15T02:03:13.928226+00:00", "tag": "asyncio.run.returned", "pid": 60466, "python": "3.11.15", "platform": "linux", "success": true}
{"ts": "2026-06-15T02:03:13.928297+00:00", "tag": "gateway.exit_clean", "pid": 60466, "python": "3.11.15", "platform": "linux"}
{"ts": "2026-06-15T02:03:13.929128+00:00", "tag": "atexit.hook", "pid": 60466, "python": "3.11.15", "platform": "linux", "sys_exc": "(None, None, None)"}
{"ts": "2026-06-15T02:03:48.388421+00:00", "tag": "gateway.start", "pid": 72786, "python": "3.11.15", "platform": "linux", "replace": true, "argv": ["hermes-agent/.venv/bin/hermes", "gateway", "run", "--replace"], "stdin_is_tty": false, "absorb_windows_console_controls": false}
{"ts": "2026-06-15T02:03:48.404914+00:00", "tag": "asyncio.run.returned", "pid": 71619, "python": "3.11.15", "platform": "linux", "success": true}
{"ts": "2026-06-15T02:03:48.404977+00:00", "tag": "gateway.exit_clean", "pid": 71619, "python": "3.11.15", "platform": "linux"}
{"ts": "2026-06-15T02:03:48.405830+00:00", "tag": "atexit.hook", "pid": 71619, "python": "3.11.15", "platform": "linux", "sys_exc": "(None, None, None)"}
{"ts": "2026-06-15T02:04:23.749839+00:00", "tag": "asyncio.run.returned", "pid": 72786, "python": "3.11.15", "platform": "linux", "success": true}
{"ts": "2026-06-15T02:04:23.749909+00:00", "tag": "gateway.exit_clean", "pid": 72786, "python": "3.11.15", "platform": "linux"}
{"ts": "2026-06-15T02:04:24.137654+00:00", "tag": "atexit.hook", "pid": 72786, "python": "3.11.15", "platform": "linux", "sys_exc": "(None, None, None)"}
{"ts": "2026-06-15T02:11:06.210911+00:00", "tag": "gateway.start", "pid": 81916, "python": "3.11.15", "platform": "linux", "replace": true, "argv": ["/home/swegon/AI_Agent/AI_Autonomous_Project/Aio_harness/hermes-agent/.venv/bin/hermes", "gateway", "run", "--replace"], "stdin_is_tty": false, "absorb_windows_console_controls": false}
{"ts": "2026-06-15T02:12:53.028597+00:00", "tag": "asyncio.run.returned", "pid": 81916, "python": "3.11.15", "platform": "linux", "success": true}
{"ts": "2026-06-15T02:12:53.028666+00:00", "tag": "gateway.exit_clean", "pid": 81916, "python": "3.11.15", "platform": "linux"}
{"ts": "2026-06-15T02:12:54.022390+00:00", "tag": "atexit.hook", "pid": 81916, "python": "3.11.15", "platform": "linux", "sys_exc": "(None, None, None)"}
{"ts": "2026-06-15T05:06:48.724642+00:00", "tag": "gateway.start", "pid": 130940, "python": "3.11.15", "platform": "linux", "replace": true, "argv": ["hermes-agent/.venv/bin/hermes", "gateway", "run", "--replace"], "stdin_is_tty": false, "absorb_windows_console_controls": false}
{"ts": "2026-06-15T05:08:31.399578+00:00", "tag": "asyncio.run.returned", "pid": 130940, "python": "3.11.15", "platform": "linux", "success": true}
{"ts": "2026-06-15T05:08:31.399644+00:00", "tag": "gateway.exit_clean", "pid": 130940, "python": "3.11.15", "platform": "linux"}
{"ts": "2026-06-15T05:08:31.400734+00:00", "tag": "atexit.hook", "pid": 130940, "python": "3.11.15", "platform": "linux", "sys_exc": "(None, None, None)"}
{"ts": "2026-06-15T05:08:39.078667+00:00", "tag": "gateway.start", "pid": 132402, "python": "3.11.15", "platform": "linux", "replace": true, "argv": ["hermes-agent/.venv/bin/hermes", "gateway", "run", "--replace"], "stdin_is_tty": false, "absorb_windows_console_controls": false}
{"ts": "2026-06-15T05:09:39.429640+00:00", "tag": "asyncio.run.returned", "pid": 132402, "python": "3.11.15", "platform": "linux", "success": true}
{"ts": "2026-06-15T05:09:39.429710+00:00", "tag": "gateway.exit_clean", "pid": 132402, "python": "3.11.15", "platform": "linux"}
{"ts": "2026-06-15T05:09:40.108906+00:00", "tag": "atexit.hook", "pid": 132402, "python": "3.11.15", "platform": "linux", "sys_exc": "(None, None, None)"}
{"ts": "2026-06-15T10:31:14.636381+00:00", "tag": "gateway.start", "pid": 257511, "python": "3.11.15", "platform": "linux", "replace": true, "argv": ["/home/swegon/AI_Agent/AI_Autonomous_Project/Aio_harness/hermes-agent/.venv/bin/hermes", "gateway", "run", "--replace"], "stdin_is_tty": false, "absorb_windows_console_controls": false}
{"ts": "2026-06-15T10:34:19.221709+00:00", "tag": "asyncio.run.returned", "pid": 257511, "python": "3.11.15", "platform": "linux", "success": false}
{"ts": "2026-06-15T10:34:19.221791+00:00", "tag": "gateway.exit_nonzero", "pid": 257511, "python": "3.11.15", "platform": "linux"}
{"ts": "2026-06-15T10:34:19.223236+00:00", "tag": "atexit.hook", "pid": 257511, "python": "3.11.15", "platform": "linux", "sys_exc": "(None, None, None)"}
{"ts": "2026-06-15T10:34:21.664990+00:00", "tag": "gateway.start", "pid": 261035, "python": "3.11.15", "platform": "linux", "replace": true, "argv": ["/home/swegon/AI_Agent/AI_Autonomous_Project/Aio_harness/hermes-agent/.venv/bin/hermes", "gateway", "run", "--replace"], "stdin_is_tty": false, "absorb_windows_console_controls": false}
{"ts": "2026-06-15T17:27:20.013787+00:00", "tag": "gateway.start", "pid": 23551, "python": "3.11.15", "platform": "linux", "replace": true, "argv": ["/home/swegon/AI_Agent/AI_Autonomous_Project/Aio_harness/hermes-agent/.venv/bin/hermes", "gateway", "run", "--replace"], "stdin_is_tty": false, "absorb_windows_console_controls": false}
{"ts": "2026-06-15T17:46:03.255170+00:00", "tag": "asyncio.run.returned", "pid": 23551, "python": "3.11.15", "platform": "linux", "success": false}
{"ts": "2026-06-15T17:46:03.255565+00:00", "tag": "gateway.exit_nonzero", "pid": 23551, "python": "3.11.15", "platform": "linux"}
{"ts": "2026-06-15T17:46:03.256611+00:00", "tag": "atexit.hook", "pid": 23551, "python": "3.11.15", "platform": "linux", "sys_exc": "(None, None, None)"}
{"ts": "2026-06-16T06:32:30.861056+00:00", "tag": "gateway.start", "pid": 209616, "python": "3.11.15", "platform": "linux", "replace": true, "argv": ["/home/swegon/.hermes/hermes-agent/venv/bin/hermes", "gateway", "run", "--replace"], "stdin_is_tty": true, "absorb_windows_console_controls": false}
{"ts": "2026-06-16T07:01:31.238533+00:00", "tag": "gateway.start", "pid": 255248, "python": "3.11.15", "platform": "linux", "replace": true, "argv": ["/home/swegon/.hermes/hermes-agent/venv/bin/hermes", "gateway", "run", "--replace"], "stdin_is_tty": true, "absorb_windows_console_controls": false}
{"ts": "2026-06-16T12:57:27.172881+00:00", "tag": "gateway.start", "pid": 75297, "python": "3.11.15", "platform": "linux", "replace": true, "argv": ["/home/swegon/.hermes/hermes-agent/venv/bin/hermes", "gateway", "run", "--replace"], "stdin_is_tty": false, "absorb_windows_console_controls": false}
{"ts": "2026-06-16T13:08:14.982607+00:00", "tag": "gateway.start", "pid": 91326, "python": "3.11.15", "platform": "linux", "replace": true, "argv": ["/home/swegon/.hermes/hermes-agent/venv/bin/hermes", "gateway", "run", "--replace"], "stdin_is_tty": false, "absorb_windows_console_controls": false}
{"ts": "2026-06-16T13:08:15.000802+00:00", "tag": "asyncio.run.returned", "pid": 75297, "python": "3.11.15", "platform": "linux", "success": true}
{"ts": "2026-06-16T13:08:15.000868+00:00", "tag": "gateway.exit_clean", "pid": 75297, "python": "3.11.15", "platform": "linux"}
{"ts": "2026-06-16T13:08:15.001552+00:00", "tag": "atexit.hook", "pid": 75297, "python": "3.11.15", "platform": "linux", "sys_exc": "(None, None, None)"}
{"ts": "2026-06-16T18:11:42.813960+00:00", "tag": "asyncio.run.returned", "pid": 91326, "python": "3.11.15", "platform": "linux", "success": false}
{"ts": "2026-06-16T18:11:42.814053+00:00", "tag": "gateway.exit_nonzero", "pid": 91326, "python": "3.11.15", "platform": "linux"}
{"ts": "2026-06-16T18:11:42.815051+00:00", "tag": "atexit.hook", "pid": 91326, "python": "3.11.15", "platform": "linux", "sys_exc": "(None, None, None)"}
{"ts": "2026-06-17T12:49:45.169308+00:00", "tag": "gateway.start", "pid": 21279, "python": "3.11.15", "platform": "linux", "replace": true, "argv": ["/home/swegon/.hermes/hermes-agent/venv/bin/hermes", "gateway", "run", "--replace"], "stdin_is_tty": false, "absorb_windows_console_controls": false}
{"ts": "2026-06-17T13:01:07.320861+00:00", "tag": "gateway.start", "pid": 24757, "python": "3.11.15", "platform": "linux", "replace": true, "argv": ["/home/swegon/.hermes/hermes-agent/venv/bin/hermes", "gateway", "run", "--replace"], "stdin_is_tty": false, "absorb_windows_console_controls": false}
{"ts": "2026-06-17T13:01:07.386076+00:00", "tag": "asyncio.run.returned", "pid": 21279, "python": "3.11.15", "platform": "linux", "success": true}
{"ts": "2026-06-17T13:01:07.386132+00:00", "tag": "gateway.exit_clean", "pid": 21279, "python": "3.11.15", "platform": "linux"}
{"ts": "2026-06-17T13:01:07.386562+00:00", "tag": "atexit.hook", "pid": 21279, "python": "3.11.15", "platform": "linux", "sys_exc": "(None, None, None)"}
{"ts": "2026-06-17T13:48:46.460783+00:00", "tag": "asyncio.run.returned", "pid": 24757, "python": "3.11.15", "platform": "linux", "success": false}
{"ts": "2026-06-17T13:48:46.460840+00:00", "tag": "gateway.exit_nonzero", "pid": 24757, "python": "3.11.15", "platform": "linux"}
{"ts": "2026-06-17T13:48:46.461267+00:00", "tag": "atexit.hook", "pid": 24757, "python": "3.11.15", "platform": "linux", "sys_exc": "(None, None, None)"}
{"ts": "2026-06-17T17:54:55.023091+00:00", "tag": "gateway.start", "pid": 41653, "python": "3.11.15", "platform": "linux", "replace": true, "argv": ["/home/swegon/.hermes/hermes-agent/venv/bin/hermes", "gateway", "run", "--replace"], "stdin_is_tty": false, "absorb_windows_console_controls": false}
{"ts": "2026-06-17T18:08:39.012065+00:00", "tag": "gateway.start", "pid": 44880, "python": "3.11.15", "platform": "linux", "replace": true, "argv": ["/home/swegon/.hermes/hermes-agent/venv/bin/hermes", "gateway", "run", "--replace"], "stdin_is_tty": false, "absorb_windows_console_controls": false}
{"ts": "2026-06-17T18:08:39.061034+00:00", "tag": "asyncio.run.returned", "pid": 41653, "python": "3.11.15", "platform": "linux", "success": true}
{"ts": "2026-06-17T18:08:39.061114+00:00", "tag": "gateway.exit_clean", "pid": 41653, "python": "3.11.15", "platform": "linux"}
{"ts": "2026-06-17T18:08:39.061907+00:00", "tag": "atexit.hook", "pid": 41653, "python": "3.11.15", "platform": "linux", "sys_exc": "(None, None, None)"}
{"ts": "2026-06-17T22:15:53.803250+00:00", "tag": "gateway.start", "pid": 115827, "python": "3.11.15", "platform": "linux", "replace": true, "argv": ["/home/swegon/.hermes/hermes-agent/venv/bin/hermes", "gateway", "run", "--replace"], "stdin_is_tty": false, "absorb_windows_console_controls": false}
{"ts": "2026-06-17T22:15:53.848618+00:00", "tag": "asyncio.run.returned", "pid": 44880, "python": "3.11.15", "platform": "linux", "success": true}
{"ts": "2026-06-17T22:15:53.848690+00:00", "tag": "gateway.exit_clean", "pid": 44880, "python": "3.11.15", "platform": "linux"}
{"ts": "2026-06-17T22:15:53.849571+00:00", "tag": "atexit.hook", "pid": 44880, "python": "3.11.15", "platform": "linux", "sys_exc": "(None, None, None)"}
{"ts": "2026-06-18T03:00:21.410753+00:00", "tag": "asyncio.run.returned", "pid": 115827, "python": "3.11.15", "platform": "linux", "success": true}
{"ts": "2026-06-18T03:00:21.410823+00:00", "tag": "gateway.exit_clean", "pid": 115827, "python": "3.11.15", "platform": "linux"}
{"ts": "2026-06-18T03:00:21.412209+00:00", "tag": "atexit.hook", "pid": 115827, "python": "3.11.15", "platform": "linux", "sys_exc": "(None, None, None)"}
{"ts": "2026-06-18T03:00:21.938166+00:00", "tag": "gateway.start", "pid": 261593, "python": "3.11.15", "platform": "linux", "replace": false, "argv": ["/home/swegon/.hermes/hermes-agent/venv/bin/hermes", "gateway", "restart"], "stdin_is_tty": false, "absorb_windows_console_controls": false}
{"ts": "2026-06-18T03:07:15.125645+00:00", "tag": "asyncio.run.returned", "pid": 261593, "python": "3.11.15", "platform": "linux", "success": true}
{"ts": "2026-06-18T03:07:15.125725+00:00", "tag": "gateway.exit_clean", "pid": 261593, "python": "3.11.15", "platform": "linux"}
{"ts": "2026-06-18T03:07:15.127025+00:00", "tag": "atexit.hook", "pid": 261593, "python": "3.11.15", "platform": "linux", "sys_exc": "(None, None, None)"}
{"ts": "2026-06-18T03:07:15.653271+00:00", "tag": "gateway.start", "pid": 271708, "python": "3.11.15", "platform": "linux", "replace": false, "argv": ["/home/swegon/.hermes/hermes-agent/venv/bin/hermes", "gateway", "restart"], "stdin_is_tty": false, "absorb_windows_console_controls": false}
{"ts": "2026-06-18T11:49:08.463308+00:00", "tag": "asyncio.run.returned", "pid": 271708, "python": "3.11.15", "platform": "linux", "success": false}
{"ts": "2026-06-18T11:49:08.463415+00:00", "tag": "gateway.exit_nonzero", "pid": 271708, "python": "3.11.15", "platform": "linux"}
{"ts": "2026-06-18T11:49:08.466116+00:00", "tag": "atexit.hook", "pid": 271708, "python": "3.11.15", "platform": "linux", "sys_exc": "(None, None, None)"}
{"ts": "2026-06-18T14:59:22.293226+00:00", "tag": "gateway.start", "pid": 919888, "python": "3.11.15", "platform": "linux", "replace": true, "argv": ["/home/swegon/.hermes/hermes-agent/venv/bin/hermes", "gateway", "run", "--replace"], "stdin_is_tty": false, "absorb_windows_console_controls": false}
{"ts": "2026-06-18T15:38:38.350955+00:00", "tag": "asyncio.run.returned", "pid": 919888, "python": "3.11.15", "platform": "linux", "success": false}
{"ts": "2026-06-18T15:38:38.351026+00:00", "tag": "gateway.exit_nonzero", "pid": 919888, "python": "3.11.15", "platform": "linux"}
{"ts": "2026-06-18T15:38:38.353225+00:00", "tag": "atexit.hook", "pid": 919888, "python": "3.11.15", "platform": "linux", "sys_exc": "(None, None, None)"}
{"ts": "2026-06-18T15:38:42.193662+00:00", "tag": "gateway.start", "pid": 962568, "python": "3.11.15", "platform": "linux", "replace": true, "argv": ["/home/swegon/.hermes/hermes-agent/venv/bin/hermes", "gateway", "run", "--replace"], "stdin_is_tty": false, "absorb_windows_console_controls": false}
{"ts": "2026-06-18T17:21:34.076460+00:00", "tag": "asyncio.run.returned", "pid": 962568, "python": "3.11.15", "platform": "linux", "success": false}
{"ts": "2026-06-18T17:21:34.076582+00:00", "tag": "gateway.exit_nonzero", "pid": 962568, "python": "3.11.15", "platform": "linux"}
{"ts": "2026-06-18T17:21:34.901435+00:00", "tag": "atexit.hook", "pid": 962568, "python": "3.11.15", "platform": "linux", "sys_exc": "(None, None, None)"}
{"ts": "2026-06-19T03:32:24.081415+00:00", "tag": "gateway.start", "pid": 73836, "python": "3.11.15", "platform": "linux", "replace": false, "argv": ["/home/swegon/.hermes/hermes-agent/venv/bin/hermes", "gateway", "run"], "stdin_is_tty": false, "absorb_windows_console_controls": false}
{"ts": "2026-06-19T04:59:48.803681+00:00", "tag": "asyncio.run.returned", "pid": 73836, "python": "3.11.15", "platform": "linux", "success": false}
{"ts": "2026-06-19T04:59:48.803755+00:00", "tag": "gateway.exit_nonzero", "pid": 73836, "python": "3.11.15", "platform": "linux"}
{"ts": "2026-06-19T04:59:48.804581+00:00", "tag": "atexit.hook", "pid": 73836, "python": "3.11.15", "platform": "linux", "sys_exc": "(None, None, None)"}
{"ts": "2026-06-19T04:59:51.574068+00:00", "tag": "gateway.start", "pid": 192569, "python": "3.11.15", "platform": "linux", "replace": false, "argv": ["/home/swegon/.hermes/hermes-agent/venv/bin/hermes", "gateway", "run"], "stdin_is_tty": false, "absorb_windows_console_controls": false}
{"ts": "2026-06-19T05:01:31.916941+00:00", "tag": "asyncio.run.returned", "pid": 192569, "python": "3.11.15", "platform": "linux", "success": false}
{"ts": "2026-06-19T05:01:31.917014+00:00", "tag": "gateway.exit_nonzero", "pid": 192569, "python": "3.11.15", "platform": "linux"}
{"ts": "2026-06-19T05:01:31.917880+00:00", "tag": "atexit.hook", "pid": 192569, "python": "3.11.15", "platform": "linux", "sys_exc": "(None, None, None)"}
{"ts": "2026-06-19T05:01:48.967533+00:00", "tag": "gateway.start", "pid": 199597, "python": "3.11.15", "platform": "linux", "replace": false, "argv": ["/home/swegon/.hermes/hermes-agent/venv/bin/hermes", "gateway", "run"], "stdin_is_tty": false, "absorb_windows_console_controls": false}
{"ts": "2026-06-19T05:23:40.654908+00:00", "tag": "asyncio.run.returned", "pid": 199597, "python": "3.11.15", "platform": "linux", "success": false}
{"ts": "2026-06-19T05:23:40.654990+00:00", "tag": "gateway.exit_nonzero", "pid": 199597, "python": "3.11.15", "platform": "linux"}
{"ts": "2026-06-19T05:23:41.005823+00:00", "tag": "atexit.hook", "pid": 199597, "python": "3.11.15", "platform": "linux", "sys_exc": "(None, None, None)"}
{"ts": "2026-06-19T05:23:52.186733+00:00", "tag": "gateway.start", "pid": 232687, "python": "3.11.15", "platform": "linux", "replace": false, "argv": ["/home/swegon/.hermes/hermes-agent/venv/bin/hermes", "gateway", "run"], "stdin_is_tty": false, "absorb_windows_console_controls": false}
{"ts": "2026-06-19T17:13:30.867233+00:00", "tag": "asyncio.run.returned", "pid": 232687, "python": "3.11.15", "platform": "linux", "success": false}
{"ts": "2026-06-19T17:13:30.867315+00:00", "tag": "gateway.exit_nonzero", "pid": 232687, "python": "3.11.15", "platform": "linux"}
{"ts": "2026-06-19T17:13:31.531956+00:00", "tag": "atexit.hook", "pid": 232687, "python": "3.11.15", "platform": "linux", "sys_exc": "(None, None, None)"}
{"ts": "2026-06-19T17:14:03.180887+00:00", "tag": "gateway.start", "pid": 1108307, "python": "3.11.15", "platform": "linux", "replace": false, "argv": ["/home/swegon/.hermes/hermes-agent/venv/bin/hermes", "gateway", "run"], "stdin_is_tty": false, "absorb_windows_console_controls": false}
{"ts": "2026-06-19T17:23:55.692225+00:00", "tag": "asyncio.run.returned", "pid": 1108307, "python": "3.11.15", "platform": "linux", "success": false}
{"ts": "2026-06-19T17:23:55.692293+00:00", "tag": "gateway.exit_nonzero", "pid": 1108307, "python": "3.11.15", "platform": "linux"}
{"ts": "2026-06-19T17:23:55.693531+00:00", "tag": "atexit.hook", "pid": 1108307, "python": "3.11.15", "platform": "linux", "sys_exc": "(None, None, None)"}
{"ts": "2026-06-19T17:24:11.616571+00:00", "tag": "gateway.start", "pid": 1134616, "python": "3.11.15", "platform": "linux", "replace": false, "argv": ["/home/swegon/.hermes/hermes-agent/venv/bin/hermes", "gateway", "run"], "stdin_is_tty": false, "absorb_windows_console_controls": false}
{"ts": "2026-06-19T17:37:19.477671+00:00", "tag": "asyncio.run.returned", "pid": 1134616, "python": "3.11.15", "platform": "linux", "success": false}
{"ts": "2026-06-19T17:37:19.477895+00:00", "tag": "gateway.exit_nonzero", "pid": 1134616, "python": "3.11.15", "platform": "linux"}
{"ts": "2026-06-19T17:37:20.799456+00:00", "tag": "atexit.hook", "pid": 1134616, "python": "3.11.15", "platform": "linux", "sys_exc": "(None, None, None)"}
{"ts": "2026-06-19T17:37:27.928922+00:00", "tag": "gateway.start", "pid": 1169353, "python": "3.11.15", "platform": "linux", "replace": false, "argv": ["/home/swegon/.hermes/hermes-agent/venv/bin/hermes", "gateway", "run"], "stdin_is_tty": false, "absorb_windows_console_controls": false}
{"ts": "2026-06-19T17:42:49.397239+00:00", "tag": "asyncio.run.returned", "pid": 1169353, "python": "3.11.15", "platform": "linux", "success": false}
{"ts": "2026-06-19T17:42:49.397315+00:00", "tag": "gateway.exit_nonzero", "pid": 1169353, "python": "3.11.15", "platform": "linux"}
{"ts": "2026-06-19T17:42:49.398847+00:00", "tag": "atexit.hook", "pid": 1169353, "python": "3.11.15", "platform": "linux", "sys_exc": "(None, None, None)"}
{"ts": "2026-06-19T17:42:54.315009+00:00", "tag": "gateway.start", "pid": 1182140, "python": "3.11.15", "platform": "linux", "replace": false, "argv": ["/home/swegon/.hermes/hermes-agent/venv/bin/hermes", "gateway", "run"], "stdin_is_tty": false, "absorb_windows_console_controls": false}
{"ts": "2026-06-19T17:45:45.047825+00:00", "tag": "asyncio.run.returned", "pid": 1182140, "python": "3.11.15", "platform": "linux", "success": false}
{"ts": "2026-06-19T17:45:45.047933+00:00", "tag": "gateway.exit_nonzero", "pid": 1182140, "python": "3.11.15", "platform": "linux"}
{"ts": "2026-06-19T17:45:45.050180+00:00", "tag": "atexit.hook", "pid": 1182140, "python": "3.11.15", "platform": "linux", "sys_exc": "(None, None, None)"}
{"ts": "2026-06-20T16:28:45.494082+00:00", "tag": "gateway.start", "pid": 127636, "python": "3.11.15", "platform": "linux", "replace": false, "argv": ["/home/swegon/AI_Agent/AI_Autonomous_Project/Aio_harness/hermes-agent/hermes_cli/main.py", "gateway", "run"], "stdin_is_tty": false, "absorb_windows_console_controls": false}
